<?xml version="1.0" encoding="UTF-8"?>
<testng-results skipped="0" failed="0" ignored="0" total="1" passed="1">
  <reporter-output>
  </reporter-output>
  <suite name="Default suite" duration-ms="22917" started-at="2019-08-09T12:17:33Z" finished-at="2019-08-09T12:17:55Z">
    <groups>
    </groups>
    <test name="Default test" duration-ms="22917" started-at="2019-08-09T12:17:33Z" finished-at="2019-08-09T12:17:55Z">
      <class name="start.FirstTestNGFile">
        <test-method status="PASS" signature="f()[pri:0, instance:start.FirstTestNGFile@7f9a81e8]" name="f" duration-ms="22726" started-at="2019-08-09T12:17:33Z" finished-at="2019-08-09T12:17:55Z">
          <reporter-output>
          </reporter-output>
        </test-method> <!-- f -->
      </class> <!-- start.FirstTestNGFile -->
    </test> <!-- Default test -->
  </suite> <!-- Default suite -->
</testng-results>
